2019-11-13 11:12:15 /usr/local/lib/python3.6/site-packages/pyirt/_pyirt.py[line:20] INFO: start loading data
2019-11-13 11:12:15 /usr/local/lib/python3.6/site-packages/pyirt/_pyirt.py[line:27] INFO: data loaded
2019-11-13 11:12:19 /usr/local/lib/python3.6/site-packages/pyirt/solver/model.py[line:104] DEBUG: E step runs for 382.814 sec
2019-11-13 11:12:20 /usr/local/lib/python3.6/site-packages/pyirt/solver/model.py[line:111] DEBUG: M step runs for 223.676 sec
2019-11-13 11:12:20 /usr/local/lib/python3.6/site-packages/pyirt/solver/model.py[line:243] DEBUG: score calculating
2019-11-13 11:12:20 /usr/local/lib/python3.6/site-packages/pyirt/solver/model.py[line:245] DEBUG: score calculated.
2019-11-13 11:12:20 /usr/local/lib/python3.6/site-packages/pyirt/solver/model.py[line:248] DEBUG: 0.748496865306776
2019-11-13 11:12:20 /usr/local/lib/python3.6/site-packages/pyirt/solver/model.py[line:118] DEBUG: stop condition runs for 261.301 sec
2019-11-13 11:12:24 /usr/local/lib/python3.6/site-packages/pyirt/solver/model.py[line:104] DEBUG: E step runs for 238.681 sec
2019-11-13 11:12:24 /usr/local/lib/python3.6/site-packages/pyirt/solver/model.py[line:111] DEBUG: M step runs for 124.117 sec
2019-11-13 11:12:24 /usr/local/lib/python3.6/site-packages/pyirt/solver/model.py[line:243] DEBUG: score calculating
2019-11-13 11:12:24 /usr/local/lib/python3.6/site-packages/pyirt/solver/model.py[line:245] DEBUG: score calculated.
2019-11-13 11:12:24 /usr/local/lib/python3.6/site-packages/pyirt/solver/model.py[line:248] DEBUG: 0.7552951435516888
2019-11-13 11:12:24 /usr/local/lib/python3.6/site-packages/pyirt/solver/model.py[line:118] DEBUG: stop condition runs for 109.42 sec
2019-11-13 11:12:29 /usr/local/lib/python3.6/site-packages/pyirt/solver/model.py[line:104] DEBUG: E step runs for 258.012 sec
2019-11-13 11:12:29 /usr/local/lib/python3.6/site-packages/pyirt/solver/model.py[line:111] DEBUG: M step runs for 124.862 sec
2019-11-13 11:12:29 /usr/local/lib/python3.6/site-packages/pyirt/solver/model.py[line:243] DEBUG: score calculating
2019-11-13 11:12:29 /usr/local/lib/python3.6/site-packages/pyirt/solver/model.py[line:245] DEBUG: score calculated.
2019-11-13 11:12:29 /usr/local/lib/python3.6/site-packages/pyirt/solver/model.py[line:248] DEBUG: 0.7589417070691776
2019-11-13 11:12:29 /usr/local/lib/python3.6/site-packages/pyirt/solver/model.py[line:118] DEBUG: stop condition runs for 208.201 sec
2019-11-13 11:12:33 /usr/local/lib/python3.6/site-packages/pyirt/solver/model.py[line:104] DEBUG: E step runs for 117.828 sec
2019-11-13 11:12:33 /usr/local/lib/python3.6/site-packages/pyirt/solver/model.py[line:111] DEBUG: M step runs for 157.538 sec
2019-11-13 11:12:33 /usr/local/lib/python3.6/site-packages/pyirt/solver/model.py[line:243] DEBUG: score calculating
2019-11-13 11:12:33 /usr/local/lib/python3.6/site-packages/pyirt/solver/model.py[line:245] DEBUG: score calculated.
2019-11-13 11:12:34 /usr/local/lib/python3.6/site-packages/pyirt/solver/model.py[line:248] DEBUG: 0.7615815629203808
2019-11-13 11:12:34 /usr/local/lib/python3.6/site-packages/pyirt/solver/model.py[line:118] DEBUG: stop condition runs for 213.881 sec
2019-11-13 11:12:38 /usr/local/lib/python3.6/site-packages/pyirt/solver/model.py[line:104] DEBUG: E step runs for 267.459 sec
2019-11-13 11:12:38 /usr/local/lib/python3.6/site-packages/pyirt/solver/model.py[line:111] DEBUG: M step runs for 138.683 sec
2019-11-13 11:12:38 /usr/local/lib/python3.6/site-packages/pyirt/solver/model.py[line:243] DEBUG: score calculating
2019-11-13 11:12:38 /usr/local/lib/python3.6/site-packages/pyirt/solver/model.py[line:245] DEBUG: score calculated.
2019-11-13 11:12:38 /usr/local/lib/python3.6/site-packages/pyirt/solver/model.py[line:248] DEBUG: 0.7633203247526085
2019-11-13 11:12:38 /usr/local/lib/python3.6/site-packages/pyirt/solver/model.py[line:118] DEBUG: stop condition runs for 209.463 sec
2019-11-13 11:12:42 /usr/local/lib/python3.6/site-packages/pyirt/solver/model.py[line:104] DEBUG: E step runs for 262.851 sec
2019-11-13 11:12:43 /usr/local/lib/python3.6/site-packages/pyirt/solver/model.py[line:111] DEBUG: M step runs for 124.333 sec
2019-11-13 11:12:43 /usr/local/lib/python3.6/site-packages/pyirt/solver/model.py[line:243] DEBUG: score calculating
2019-11-13 11:12:43 /usr/local/lib/python3.6/site-packages/pyirt/solver/model.py[line:245] DEBUG: score calculated.
2019-11-13 11:12:43 /usr/local/lib/python3.6/site-packages/pyirt/solver/model.py[line:248] DEBUG: 0.7644597947152765
2019-11-13 11:12:43 /usr/local/lib/python3.6/site-packages/pyirt/solver/model.py[line:118] DEBUG: stop condition runs for 218.445 sec
2019-11-13 11:12:47 /usr/local/lib/python3.6/site-packages/pyirt/solver/model.py[line:104] DEBUG: E step runs for 254.525 sec
2019-11-13 11:12:47 /usr/local/lib/python3.6/site-packages/pyirt/solver/model.py[line:111] DEBUG: M step runs for 124.193 sec
2019-11-13 11:12:47 /usr/local/lib/python3.6/site-packages/pyirt/solver/model.py[line:243] DEBUG: score calculating
2019-11-13 11:12:47 /usr/local/lib/python3.6/site-packages/pyirt/solver/model.py[line:245] DEBUG: score calculated.
2019-11-13 11:12:47 /usr/local/lib/python3.6/site-packages/pyirt/solver/model.py[line:248] DEBUG: 0.7652524630382587
2019-11-13 11:12:47 /usr/local/lib/python3.6/site-packages/pyirt/solver/model.py[line:253] INFO: EM converged at iteration 7.
2019-11-13 11:12:47 /usr/local/lib/python3.6/site-packages/pyirt/solver/model.py[line:118] DEBUG: stop condition runs for 220.161 sec
2019-11-13 11:12:47 /usr/local/lib/python3.6/site-packages/pyirt/_pyirt.py[line:47] INFO: parameter estimated
2019-11-13 11:12:47 /usr/local/lib/python3.6/site-packages/pyirt/_pyirt.py[line:50] INFO: parameter retrieved
2019-11-13 11:25:05 /usr/local/lib/python3.6/site-packages/pyirt/_pyirt.py[line:20] INFO: start loading data
2019-11-13 11:25:06 /usr/local/lib/python3.6/site-packages/pyirt/_pyirt.py[line:27] INFO: data loaded
2019-11-13 11:25:10 /usr/local/lib/python3.6/site-packages/pyirt/solver/model.py[line:104] DEBUG: E step runs for 302.716 sec
2019-11-13 11:25:10 /usr/local/lib/python3.6/site-packages/pyirt/solver/model.py[line:111] DEBUG: M step runs for 130.506 sec
2019-11-13 11:25:10 /usr/local/lib/python3.6/site-packages/pyirt/solver/model.py[line:243] DEBUG: score calculating
2019-11-13 11:25:10 /usr/local/lib/python3.6/site-packages/pyirt/solver/model.py[line:245] DEBUG: score calculated.
2019-11-13 11:25:10 /usr/local/lib/python3.6/site-packages/pyirt/solver/model.py[line:248] DEBUG: 0.748496865306776
2019-11-13 11:25:10 /usr/local/lib/python3.6/site-packages/pyirt/solver/model.py[line:118] DEBUG: stop condition runs for 111.228 sec
2019-11-13 11:25:14 /usr/local/lib/python3.6/site-packages/pyirt/solver/model.py[line:104] DEBUG: E step runs for 152.635 sec
2019-11-13 11:25:14 /usr/local/lib/python3.6/site-packages/pyirt/solver/model.py[line:111] DEBUG: M step runs for 123.934 sec
2019-11-13 11:25:14 /usr/local/lib/python3.6/site-packages/pyirt/solver/model.py[line:243] DEBUG: score calculating
2019-11-13 11:25:14 /usr/local/lib/python3.6/site-packages/pyirt/solver/model.py[line:245] DEBUG: score calculated.
2019-11-13 11:25:14 /usr/local/lib/python3.6/site-packages/pyirt/solver/model.py[line:248] DEBUG: 0.7552951435516888
2019-11-13 11:25:14 /usr/local/lib/python3.6/site-packages/pyirt/solver/model.py[line:118] DEBUG: stop condition runs for 114.735 sec
2019-11-13 11:25:19 /usr/local/lib/python3.6/site-packages/pyirt/solver/model.py[line:104] DEBUG: E step runs for 267.099 sec
2019-11-13 11:25:19 /usr/local/lib/python3.6/site-packages/pyirt/solver/model.py[line:111] DEBUG: M step runs for 126.722 sec
2019-11-13 11:25:19 /usr/local/lib/python3.6/site-packages/pyirt/solver/model.py[line:243] DEBUG: score calculating
2019-11-13 11:25:19 /usr/local/lib/python3.6/site-packages/pyirt/solver/model.py[line:245] DEBUG: score calculated.
2019-11-13 11:25:19 /usr/local/lib/python3.6/site-packages/pyirt/solver/model.py[line:248] DEBUG: 0.7589417070691776
2019-11-13 11:25:19 /usr/local/lib/python3.6/site-packages/pyirt/solver/model.py[line:118] DEBUG: stop condition runs for 216.415 sec
2019-11-13 11:25:23 /usr/local/lib/python3.6/site-packages/pyirt/solver/model.py[line:104] DEBUG: E step runs for 282.931 sec
2019-11-13 11:25:23 /usr/local/lib/python3.6/site-packages/pyirt/solver/model.py[line:111] DEBUG: M step runs for 126.405 sec
2019-11-13 11:25:23 /usr/local/lib/python3.6/site-packages/pyirt/solver/model.py[line:243] DEBUG: score calculating
2019-11-13 11:25:24 /usr/local/lib/python3.6/site-packages/pyirt/solver/model.py[line:245] DEBUG: score calculated.
2019-11-13 11:25:24 /usr/local/lib/python3.6/site-packages/pyirt/solver/model.py[line:248] DEBUG: 0.7615815629203808
2019-11-13 11:25:24 /usr/local/lib/python3.6/site-packages/pyirt/solver/model.py[line:118] DEBUG: stop condition runs for 114.404 sec
2019-11-13 11:25:28 /usr/local/lib/python3.6/site-packages/pyirt/solver/model.py[line:104] DEBUG: E step runs for 261.41 sec
2019-11-13 11:25:28 /usr/local/lib/python3.6/site-packages/pyirt/solver/model.py[line:111] DEBUG: M step runs for 124.756 sec
2019-11-13 11:25:28 /usr/local/lib/python3.6/site-packages/pyirt/solver/model.py[line:243] DEBUG: score calculating
2019-11-13 11:25:28 /usr/local/lib/python3.6/site-packages/pyirt/solver/model.py[line:245] DEBUG: score calculated.
2019-11-13 11:25:28 /usr/local/lib/python3.6/site-packages/pyirt/solver/model.py[line:248] DEBUG: 0.7633203247526085
2019-11-13 11:25:28 /usr/local/lib/python3.6/site-packages/pyirt/solver/model.py[line:118] DEBUG: stop condition runs for 214.573 sec
2019-11-13 11:25:32 /usr/local/lib/python3.6/site-packages/pyirt/solver/model.py[line:104] DEBUG: E step runs for 284.89 sec
2019-11-13 11:25:33 /usr/local/lib/python3.6/site-packages/pyirt/solver/model.py[line:111] DEBUG: M step runs for 124.986 sec
2019-11-13 11:25:33 /usr/local/lib/python3.6/site-packages/pyirt/solver/model.py[line:243] DEBUG: score calculating
2019-11-13 11:25:33 /usr/local/lib/python3.6/site-packages/pyirt/solver/model.py[line:245] DEBUG: score calculated.
2019-11-13 11:25:33 /usr/local/lib/python3.6/site-packages/pyirt/solver/model.py[line:248] DEBUG: 0.7644597947152765
2019-11-13 11:25:33 /usr/local/lib/python3.6/site-packages/pyirt/solver/model.py[line:118] DEBUG: stop condition runs for 212.548 sec
2019-11-13 11:25:37 /usr/local/lib/python3.6/site-packages/pyirt/solver/model.py[line:104] DEBUG: E step runs for 294.639 sec
2019-11-13 11:25:37 /usr/local/lib/python3.6/site-packages/pyirt/solver/model.py[line:111] DEBUG: M step runs for 123.813 sec
2019-11-13 11:25:37 /usr/local/lib/python3.6/site-packages/pyirt/solver/model.py[line:243] DEBUG: score calculating
2019-11-13 11:25:37 /usr/local/lib/python3.6/site-packages/pyirt/solver/model.py[line:245] DEBUG: score calculated.
2019-11-13 11:25:37 /usr/local/lib/python3.6/site-packages/pyirt/solver/model.py[line:248] DEBUG: 0.7652524630382587
2019-11-13 11:25:37 /usr/local/lib/python3.6/site-packages/pyirt/solver/model.py[line:253] INFO: EM converged at iteration 7.
2019-11-13 11:25:37 /usr/local/lib/python3.6/site-packages/pyirt/solver/model.py[line:118] DEBUG: stop condition runs for 117.058 sec
2019-11-13 11:25:37 /usr/local/lib/python3.6/site-packages/pyirt/_pyirt.py[line:47] INFO: parameter estimated
2019-11-13 11:25:37 /usr/local/lib/python3.6/site-packages/pyirt/_pyirt.py[line:50] INFO: parameter retrieved
2019-11-13 11:36:00 /usr/local/lib/python3.6/site-packages/pyirt/_pyirt.py[line:20] INFO: start loading data
2019-11-13 11:36:00 /usr/local/lib/python3.6/site-packages/pyirt/_pyirt.py[line:27] INFO: data loaded
2019-11-13 11:36:04 /usr/local/lib/python3.6/site-packages/pyirt/solver/model.py[line:104] DEBUG: E step runs for 113.081 sec
2019-11-13 11:36:05 /usr/local/lib/python3.6/site-packages/pyirt/solver/model.py[line:111] DEBUG: M step runs for 123.399 sec
2019-11-13 11:36:05 /usr/local/lib/python3.6/site-packages/pyirt/solver/model.py[line:243] DEBUG: score calculating
2019-11-13 11:36:05 /usr/local/lib/python3.6/site-packages/pyirt/solver/model.py[line:245] DEBUG: score calculated.
2019-11-13 11:36:05 /usr/local/lib/python3.6/site-packages/pyirt/solver/model.py[line:248] DEBUG: 0.7153281608755564
2019-11-13 11:36:05 /usr/local/lib/python3.6/site-packages/pyirt/solver/model.py[line:118] DEBUG: stop condition runs for 121.984 sec
2019-11-13 11:36:09 /usr/local/lib/python3.6/site-packages/pyirt/solver/model.py[line:104] DEBUG: E step runs for 140.316 sec
2019-11-13 11:36:09 /usr/local/lib/python3.6/site-packages/pyirt/solver/model.py[line:111] DEBUG: M step runs for 122.644 sec
2019-11-13 11:36:09 /usr/local/lib/python3.6/site-packages/pyirt/solver/model.py[line:243] DEBUG: score calculating
2019-11-13 11:36:09 /usr/local/lib/python3.6/site-packages/pyirt/solver/model.py[line:245] DEBUG: score calculated.
2019-11-13 11:36:09 /usr/local/lib/python3.6/site-packages/pyirt/solver/model.py[line:248] DEBUG: 0.7202649615664753
2019-11-13 11:36:09 /usr/local/lib/python3.6/site-packages/pyirt/solver/model.py[line:118] DEBUG: stop condition runs for 111.875 sec
2019-11-13 11:36:13 /usr/local/lib/python3.6/site-packages/pyirt/solver/model.py[line:104] DEBUG: E step runs for 103.168 sec
2019-11-13 11:36:13 /usr/local/lib/python3.6/site-packages/pyirt/solver/model.py[line:111] DEBUG: M step runs for 124.356 sec
2019-11-13 11:36:13 /usr/local/lib/python3.6/site-packages/pyirt/solver/model.py[line:243] DEBUG: score calculating
2019-11-13 11:36:13 /usr/local/lib/python3.6/site-packages/pyirt/solver/model.py[line:245] DEBUG: score calculated.
2019-11-13 11:36:13 /usr/local/lib/python3.6/site-packages/pyirt/solver/model.py[line:248] DEBUG: 0.7235660934222965
2019-11-13 11:36:13 /usr/local/lib/python3.6/site-packages/pyirt/solver/model.py[line:118] DEBUG: stop condition runs for 111.934 sec
2019-11-13 11:36:18 /usr/local/lib/python3.6/site-packages/pyirt/solver/model.py[line:104] DEBUG: E step runs for 116.165 sec
2019-11-13 11:36:18 /usr/local/lib/python3.6/site-packages/pyirt/solver/model.py[line:111] DEBUG: M step runs for 123.407 sec
2019-11-13 11:36:18 /usr/local/lib/python3.6/site-packages/pyirt/solver/model.py[line:243] DEBUG: score calculating
2019-11-13 11:36:18 /usr/local/lib/python3.6/site-packages/pyirt/solver/model.py[line:245] DEBUG: score calculated.
2019-11-13 11:36:18 /usr/local/lib/python3.6/site-packages/pyirt/solver/model.py[line:248] DEBUG: 0.7256080953535596
2019-11-13 11:36:18 /usr/local/lib/python3.6/site-packages/pyirt/solver/model.py[line:118] DEBUG: stop condition runs for 114.386 sec
2019-11-13 11:36:22 /usr/local/lib/python3.6/site-packages/pyirt/solver/model.py[line:104] DEBUG: E step runs for 123.431 sec
2019-11-13 11:36:22 /usr/local/lib/python3.6/site-packages/pyirt/solver/model.py[line:111] DEBUG: M step runs for 129.408 sec
2019-11-13 11:36:22 /usr/local/lib/python3.6/site-packages/pyirt/solver/model.py[line:243] DEBUG: score calculating
2019-11-13 11:36:22 /usr/local/lib/python3.6/site-packages/pyirt/solver/model.py[line:245] DEBUG: score calculated.
2019-11-13 11:36:22 /usr/local/lib/python3.6/site-packages/pyirt/solver/model.py[line:248] DEBUG: 0.7268699893880248
2019-11-13 11:36:22 /usr/local/lib/python3.6/site-packages/pyirt/solver/model.py[line:118] DEBUG: stop condition runs for 116.261 sec
2019-11-13 11:36:26 /usr/local/lib/python3.6/site-packages/pyirt/solver/model.py[line:104] DEBUG: E step runs for 101.891 sec
2019-11-13 11:36:26 /usr/local/lib/python3.6/site-packages/pyirt/solver/model.py[line:111] DEBUG: M step runs for 123.618 sec
2019-11-13 11:36:26 /usr/local/lib/python3.6/site-packages/pyirt/solver/model.py[line:243] DEBUG: score calculating
2019-11-13 11:36:27 /usr/local/lib/python3.6/site-packages/pyirt/solver/model.py[line:245] DEBUG: score calculated.
2019-11-13 11:36:27 /usr/local/lib/python3.6/site-packages/pyirt/solver/model.py[line:248] DEBUG: 0.7276476514890635
2019-11-13 11:36:27 /usr/local/lib/python3.6/site-packages/pyirt/solver/model.py[line:253] INFO: EM converged at iteration 6.
2019-11-13 11:36:27 /usr/local/lib/python3.6/site-packages/pyirt/solver/model.py[line:118] DEBUG: stop condition runs for 113.864 sec
2019-11-13 11:36:27 /usr/local/lib/python3.6/site-packages/pyirt/_pyirt.py[line:47] INFO: parameter estimated
2019-11-13 11:36:27 /usr/local/lib/python3.6/site-packages/pyirt/_pyirt.py[line:50] INFO: parameter retrieved
2019-11-13 11:45:26 /usr/local/lib/python3.6/site-packages/pyirt/_pyirt.py[line:20] INFO: start loading data
2019-11-13 11:45:26 /usr/local/lib/python3.6/site-packages/pyirt/_pyirt.py[line:27] INFO: data loaded
2019-11-13 11:45:30 /usr/local/lib/python3.6/site-packages/pyirt/solver/model.py[line:104] DEBUG: E step runs for 23.892 sec
2019-11-13 11:45:30 /usr/local/lib/python3.6/site-packages/pyirt/solver/model.py[line:111] DEBUG: M step runs for 123.547 sec
2019-11-13 11:45:30 /usr/local/lib/python3.6/site-packages/pyirt/solver/model.py[line:243] DEBUG: score calculating
2019-11-13 11:45:31 /usr/local/lib/python3.6/site-packages/pyirt/solver/model.py[line:245] DEBUG: score calculated.
2019-11-13 11:45:31 /usr/local/lib/python3.6/site-packages/pyirt/solver/model.py[line:248] DEBUG: 0.7411983657966733
2019-11-13 11:45:31 /usr/local/lib/python3.6/site-packages/pyirt/solver/model.py[line:118] DEBUG: stop condition runs for 122.889 sec
2019-11-13 11:45:35 /usr/local/lib/python3.6/site-packages/pyirt/solver/model.py[line:104] DEBUG: E step runs for 137.206 sec
2019-11-13 11:45:35 /usr/local/lib/python3.6/site-packages/pyirt/solver/model.py[line:111] DEBUG: M step runs for 124.231 sec
2019-11-13 11:45:35 /usr/local/lib/python3.6/site-packages/pyirt/solver/model.py[line:243] DEBUG: score calculating
2019-11-13 11:45:35 /usr/local/lib/python3.6/site-packages/pyirt/solver/model.py[line:245] DEBUG: score calculated.
2019-11-13 11:45:35 /usr/local/lib/python3.6/site-packages/pyirt/solver/model.py[line:248] DEBUG: 0.7438006919771795
2019-11-13 11:45:35 /usr/local/lib/python3.6/site-packages/pyirt/solver/model.py[line:118] DEBUG: stop condition runs for 115.15 sec
2019-11-13 11:45:39 /usr/local/lib/python3.6/site-packages/pyirt/solver/model.py[line:104] DEBUG: E step runs for 26.017 sec
2019-11-13 11:45:39 /usr/local/lib/python3.6/site-packages/pyirt/solver/model.py[line:111] DEBUG: M step runs for 126.184 sec
2019-11-13 11:45:39 /usr/local/lib/python3.6/site-packages/pyirt/solver/model.py[line:243] DEBUG: score calculating
2019-11-13 11:45:39 /usr/local/lib/python3.6/site-packages/pyirt/solver/model.py[line:245] DEBUG: score calculated.
2019-11-13 11:45:39 /usr/local/lib/python3.6/site-packages/pyirt/solver/model.py[line:248] DEBUG: 0.7473985672657212
2019-11-13 11:45:39 /usr/local/lib/python3.6/site-packages/pyirt/solver/model.py[line:118] DEBUG: stop condition runs for 120.962 sec
2019-11-13 11:45:43 /usr/local/lib/python3.6/site-packages/pyirt/solver/model.py[line:104] DEBUG: E step runs for 52.304 sec
2019-11-13 11:45:43 /usr/local/lib/python3.6/site-packages/pyirt/solver/model.py[line:111] DEBUG: M step runs for 122.392 sec
2019-11-13 11:45:43 /usr/local/lib/python3.6/site-packages/pyirt/solver/model.py[line:243] DEBUG: score calculating
2019-11-13 11:45:44 /usr/local/lib/python3.6/site-packages/pyirt/solver/model.py[line:245] DEBUG: score calculated.
2019-11-13 11:45:44 /usr/local/lib/python3.6/site-packages/pyirt/solver/model.py[line:248] DEBUG: 0.75009753082794
2019-11-13 11:45:44 /usr/local/lib/python3.6/site-packages/pyirt/solver/model.py[line:118] DEBUG: stop condition runs for 119.295 sec
2019-11-13 11:45:48 /usr/local/lib/python3.6/site-packages/pyirt/solver/model.py[line:104] DEBUG: E step runs for 108.708 sec
2019-11-13 11:45:48 /usr/local/lib/python3.6/site-packages/pyirt/solver/model.py[line:111] DEBUG: M step runs for 123.402 sec
2019-11-13 11:45:48 /usr/local/lib/python3.6/site-packages/pyirt/solver/model.py[line:243] DEBUG: score calculating
2019-11-13 11:45:48 /usr/local/lib/python3.6/site-packages/pyirt/solver/model.py[line:245] DEBUG: score calculated.
2019-11-13 11:45:48 /usr/local/lib/python3.6/site-packages/pyirt/solver/model.py[line:248] DEBUG: 0.7519984122480348
2019-11-13 11:45:48 /usr/local/lib/python3.6/site-packages/pyirt/solver/model.py[line:118] DEBUG: stop condition runs for 119.963 sec
2019-11-13 11:45:52 /usr/local/lib/python3.6/site-packages/pyirt/solver/model.py[line:104] DEBUG: E step runs for 169.289 sec
2019-11-13 11:45:52 /usr/local/lib/python3.6/site-packages/pyirt/solver/model.py[line:111] DEBUG: M step runs for 122.069 sec
2019-11-13 11:45:52 /usr/local/lib/python3.6/site-packages/pyirt/solver/model.py[line:243] DEBUG: score calculating
2019-11-13 11:45:52 /usr/local/lib/python3.6/site-packages/pyirt/solver/model.py[line:245] DEBUG: score calculated.
2019-11-13 11:45:52 /usr/local/lib/python3.6/site-packages/pyirt/solver/model.py[line:248] DEBUG: 0.7534082881038526
2019-11-13 11:45:52 /usr/local/lib/python3.6/site-packages/pyirt/solver/model.py[line:118] DEBUG: stop condition runs for 117.435 sec
2019-11-13 11:45:56 /usr/local/lib/python3.6/site-packages/pyirt/solver/model.py[line:104] DEBUG: E step runs for 164.663 sec
2019-11-13 11:45:57 /usr/local/lib/python3.6/site-packages/pyirt/solver/model.py[line:111] DEBUG: M step runs for 129.857 sec
2019-11-13 11:45:57 /usr/local/lib/python3.6/site-packages/pyirt/solver/model.py[line:243] DEBUG: score calculating
2019-11-13 11:45:57 /usr/local/lib/python3.6/site-packages/pyirt/solver/model.py[line:245] DEBUG: score calculated.
2019-11-13 11:45:57 /usr/local/lib/python3.6/site-packages/pyirt/solver/model.py[line:248] DEBUG: 0.754470954963296
2019-11-13 11:45:57 /usr/local/lib/python3.6/site-packages/pyirt/solver/model.py[line:118] DEBUG: stop condition runs for 125.083 sec
2019-11-13 11:46:01 /usr/local/lib/python3.6/site-packages/pyirt/solver/model.py[line:104] DEBUG: E step runs for 133.27 sec
2019-11-13 11:46:01 /usr/local/lib/python3.6/site-packages/pyirt/solver/model.py[line:111] DEBUG: M step runs for 124.357 sec
2019-11-13 11:46:01 /usr/local/lib/python3.6/site-packages/pyirt/solver/model.py[line:243] DEBUG: score calculating
2019-11-13 11:46:01 /usr/local/lib/python3.6/site-packages/pyirt/solver/model.py[line:245] DEBUG: score calculated.
2019-11-13 11:46:01 /usr/local/lib/python3.6/site-packages/pyirt/solver/model.py[line:248] DEBUG: 0.7552834220670405
2019-11-13 11:46:01 /usr/local/lib/python3.6/site-packages/pyirt/solver/model.py[line:253] INFO: EM converged at iteration 8.
2019-11-13 11:46:01 /usr/local/lib/python3.6/site-packages/pyirt/solver/model.py[line:118] DEBUG: stop condition runs for 123.202 sec
2019-11-13 11:46:01 /usr/local/lib/python3.6/site-packages/pyirt/_pyirt.py[line:47] INFO: parameter estimated
2019-11-13 11:46:01 /usr/local/lib/python3.6/site-packages/pyirt/_pyirt.py[line:50] INFO: parameter retrieved
2019-11-13 11:58:58 /usr/local/lib/python3.6/site-packages/pyirt/_pyirt.py[line:20] INFO: start loading data
2019-11-13 11:58:58 /usr/local/lib/python3.6/site-packages/pyirt/_pyirt.py[line:27] INFO: data loaded
2019-11-13 11:59:02 /usr/local/lib/python3.6/site-packages/pyirt/solver/model.py[line:104] DEBUG: E step runs for 239.718 sec
2019-11-13 11:59:02 /usr/local/lib/python3.6/site-packages/pyirt/solver/model.py[line:111] DEBUG: M step runs for 128.41 sec
2019-11-13 11:59:02 /usr/local/lib/python3.6/site-packages/pyirt/solver/model.py[line:243] DEBUG: score calculating
2019-11-13 11:59:02 /usr/local/lib/python3.6/site-packages/pyirt/solver/model.py[line:245] DEBUG: score calculated.
2019-11-13 11:59:02 /usr/local/lib/python3.6/site-packages/pyirt/solver/model.py[line:248] DEBUG: 0.6668342215712725
2019-11-13 11:59:02 /usr/local/lib/python3.6/site-packages/pyirt/solver/model.py[line:118] DEBUG: stop condition runs for 220.495 sec
2019-11-13 11:59:07 /usr/local/lib/python3.6/site-packages/pyirt/solver/model.py[line:104] DEBUG: E step runs for 264.596 sec
2019-11-13 11:59:07 /usr/local/lib/python3.6/site-packages/pyirt/solver/model.py[line:111] DEBUG: M step runs for 131.537 sec
2019-11-13 11:59:07 /usr/local/lib/python3.6/site-packages/pyirt/solver/model.py[line:243] DEBUG: score calculating
2019-11-13 11:59:07 /usr/local/lib/python3.6/site-packages/pyirt/solver/model.py[line:245] DEBUG: score calculated.
2019-11-13 11:59:07 /usr/local/lib/python3.6/site-packages/pyirt/solver/model.py[line:248] DEBUG: 0.6699722374447004
2019-11-13 11:59:07 /usr/local/lib/python3.6/site-packages/pyirt/solver/model.py[line:118] DEBUG: stop condition runs for 224.189 sec
2019-11-13 11:59:11 /usr/local/lib/python3.6/site-packages/pyirt/solver/model.py[line:104] DEBUG: E step runs for 242.798 sec
2019-11-13 11:59:11 /usr/local/lib/python3.6/site-packages/pyirt/solver/model.py[line:111] DEBUG: M step runs for 127.784 sec
2019-11-13 11:59:11 /usr/local/lib/python3.6/site-packages/pyirt/solver/model.py[line:243] DEBUG: score calculating
2019-11-13 11:59:12 /usr/local/lib/python3.6/site-packages/pyirt/solver/model.py[line:245] DEBUG: score calculated.
2019-11-13 11:59:12 /usr/local/lib/python3.6/site-packages/pyirt/solver/model.py[line:248] DEBUG: 0.6716586519793303
2019-11-13 11:59:12 /usr/local/lib/python3.6/site-packages/pyirt/solver/model.py[line:118] DEBUG: stop condition runs for 227.567 sec
2019-11-13 11:59:16 /usr/local/lib/python3.6/site-packages/pyirt/solver/model.py[line:104] DEBUG: E step runs for 256.694 sec
2019-11-13 11:59:16 /usr/local/lib/python3.6/site-packages/pyirt/solver/model.py[line:111] DEBUG: M step runs for 126.403 sec
2019-11-13 11:59:16 /usr/local/lib/python3.6/site-packages/pyirt/solver/model.py[line:243] DEBUG: score calculating
2019-11-13 11:59:16 /usr/local/lib/python3.6/site-packages/pyirt/solver/model.py[line:245] DEBUG: score calculated.
2019-11-13 11:59:16 /usr/local/lib/python3.6/site-packages/pyirt/solver/model.py[line:248] DEBUG: 0.6727643625987277
2019-11-13 11:59:16 /usr/local/lib/python3.6/site-packages/pyirt/solver/model.py[line:118] DEBUG: stop condition runs for 220.48 sec
2019-11-13 11:59:21 /usr/local/lib/python3.6/site-packages/pyirt/solver/model.py[line:104] DEBUG: E step runs for 410.567 sec
2019-11-13 11:59:21 /usr/local/lib/python3.6/site-packages/pyirt/solver/model.py[line:111] DEBUG: M step runs for 128.792 sec
2019-11-13 11:59:21 /usr/local/lib/python3.6/site-packages/pyirt/solver/model.py[line:243] DEBUG: score calculating
2019-11-13 11:59:21 /usr/local/lib/python3.6/site-packages/pyirt/solver/model.py[line:245] DEBUG: score calculated.
2019-11-13 11:59:21 /usr/local/lib/python3.6/site-packages/pyirt/solver/model.py[line:248] DEBUG: 0.6734472738307978
2019-11-13 11:59:21 /usr/local/lib/python3.6/site-packages/pyirt/solver/model.py[line:253] INFO: EM converged at iteration 5.
2019-11-13 11:59:21 /usr/local/lib/python3.6/site-packages/pyirt/solver/model.py[line:118] DEBUG: stop condition runs for 222.04 sec
2019-11-13 11:59:21 /usr/local/lib/python3.6/site-packages/pyirt/_pyirt.py[line:47] INFO: parameter estimated
2019-11-13 11:59:21 /usr/local/lib/python3.6/site-packages/pyirt/_pyirt.py[line:50] INFO: parameter retrieved
2019-11-13 12:11:31 /usr/local/lib/python3.6/site-packages/pyirt/_pyirt.py[line:20] INFO: start loading data
2019-11-13 12:11:31 /usr/local/lib/python3.6/site-packages/pyirt/_pyirt.py[line:27] INFO: data loaded
2019-11-13 12:11:36 /usr/local/lib/python3.6/site-packages/pyirt/solver/model.py[line:104] DEBUG: E step runs for 954.978 sec
2019-11-13 12:11:36 /usr/local/lib/python3.6/site-packages/pyirt/solver/model.py[line:111] DEBUG: M step runs for 125.557 sec
2019-11-13 12:11:36 /usr/local/lib/python3.6/site-packages/pyirt/solver/model.py[line:243] DEBUG: score calculating
2019-11-13 12:11:36 /usr/local/lib/python3.6/site-packages/pyirt/solver/model.py[line:245] DEBUG: score calculated.
2019-11-13 12:11:36 /usr/local/lib/python3.6/site-packages/pyirt/solver/model.py[line:248] DEBUG: 0.6394077316093554
2019-11-13 12:11:36 /usr/local/lib/python3.6/site-packages/pyirt/solver/model.py[line:118] DEBUG: stop condition runs for 121.235 sec
2019-11-13 12:11:40 /usr/local/lib/python3.6/site-packages/pyirt/solver/model.py[line:104] DEBUG: E step runs for 54.311 sec
2019-11-13 12:11:40 /usr/local/lib/python3.6/site-packages/pyirt/solver/model.py[line:111] DEBUG: M step runs for 125.234 sec
2019-11-13 12:11:40 /usr/local/lib/python3.6/site-packages/pyirt/solver/model.py[line:243] DEBUG: score calculating
2019-11-13 12:11:40 /usr/local/lib/python3.6/site-packages/pyirt/solver/model.py[line:245] DEBUG: score calculated.
2019-11-13 12:11:40 /usr/local/lib/python3.6/site-packages/pyirt/solver/model.py[line:248] DEBUG: 0.6428830172642296
2019-11-13 12:11:40 /usr/local/lib/python3.6/site-packages/pyirt/solver/model.py[line:118] DEBUG: stop condition runs for 122.527 sec
2019-11-13 12:11:44 /usr/local/lib/python3.6/site-packages/pyirt/solver/model.py[line:104] DEBUG: E step runs for 81.971 sec
2019-11-13 12:11:44 /usr/local/lib/python3.6/site-packages/pyirt/solver/model.py[line:111] DEBUG: M step runs for 131.731 sec
2019-11-13 12:11:44 /usr/local/lib/python3.6/site-packages/pyirt/solver/model.py[line:243] DEBUG: score calculating
2019-11-13 12:11:45 /usr/local/lib/python3.6/site-packages/pyirt/solver/model.py[line:245] DEBUG: score calculated.
2019-11-13 12:11:45 /usr/local/lib/python3.6/site-packages/pyirt/solver/model.py[line:248] DEBUG: 0.6458937311549431
2019-11-13 12:11:45 /usr/local/lib/python3.6/site-packages/pyirt/solver/model.py[line:118] DEBUG: stop condition runs for 141.135 sec
2019-11-13 12:11:49 /usr/local/lib/python3.6/site-packages/pyirt/solver/model.py[line:104] DEBUG: E step runs for 47.367 sec
2019-11-13 12:11:49 /usr/local/lib/python3.6/site-packages/pyirt/solver/model.py[line:111] DEBUG: M step runs for 127.047 sec
2019-11-13 12:11:49 /usr/local/lib/python3.6/site-packages/pyirt/solver/model.py[line:243] DEBUG: score calculating
2019-11-13 12:11:49 /usr/local/lib/python3.6/site-packages/pyirt/solver/model.py[line:245] DEBUG: score calculated.
2019-11-13 12:11:49 /usr/local/lib/python3.6/site-packages/pyirt/solver/model.py[line:248] DEBUG: 0.6478216776516996
2019-11-13 12:11:49 /usr/local/lib/python3.6/site-packages/pyirt/solver/model.py[line:118] DEBUG: stop condition runs for 129.167 sec
2019-11-13 12:11:53 /usr/local/lib/python3.6/site-packages/pyirt/solver/model.py[line:104] DEBUG: E step runs for 74.884 sec
2019-11-13 12:11:53 /usr/local/lib/python3.6/site-packages/pyirt/solver/model.py[line:111] DEBUG: M step runs for 126.705 sec
2019-11-13 12:11:53 /usr/local/lib/python3.6/site-packages/pyirt/solver/model.py[line:243] DEBUG: score calculating
2019-11-13 12:11:53 /usr/local/lib/python3.6/site-packages/pyirt/solver/model.py[line:245] DEBUG: score calculated.
2019-11-13 12:11:53 /usr/local/lib/python3.6/site-packages/pyirt/solver/model.py[line:248] DEBUG: 0.6490049441160355
2019-11-13 12:11:53 /usr/local/lib/python3.6/site-packages/pyirt/solver/model.py[line:118] DEBUG: stop condition runs for 118.1 sec
2019-11-13 12:11:57 /usr/local/lib/python3.6/site-packages/pyirt/solver/model.py[line:104] DEBUG: E step runs for 121.489 sec
2019-11-13 12:11:57 /usr/local/lib/python3.6/site-packages/pyirt/solver/model.py[line:111] DEBUG: M step runs for 126.246 sec
2019-11-13 12:11:58 /usr/local/lib/python3.6/site-packages/pyirt/solver/model.py[line:243] DEBUG: score calculating
2019-11-13 12:11:58 /usr/local/lib/python3.6/site-packages/pyirt/solver/model.py[line:245] DEBUG: score calculated.
2019-11-13 12:11:58 /usr/local/lib/python3.6/site-packages/pyirt/solver/model.py[line:248] DEBUG: 0.6497365586219862
2019-11-13 12:11:58 /usr/local/lib/python3.6/site-packages/pyirt/solver/model.py[line:253] INFO: EM converged at iteration 6.
2019-11-13 12:11:58 /usr/local/lib/python3.6/site-packages/pyirt/solver/model.py[line:118] DEBUG: stop condition runs for 129.745 sec
2019-11-13 12:11:58 /usr/local/lib/python3.6/site-packages/pyirt/_pyirt.py[line:47] INFO: parameter estimated
2019-11-13 12:11:58 /usr/local/lib/python3.6/site-packages/pyirt/_pyirt.py[line:50] INFO: parameter retrieved
2019-11-13 12:25:34 /usr/local/lib/python3.6/site-packages/pyirt/_pyirt.py[line:20] INFO: start loading data
2019-11-13 12:25:34 /usr/local/lib/python3.6/site-packages/pyirt/_pyirt.py[line:27] INFO: data loaded
2019-11-13 12:25:38 /usr/local/lib/python3.6/site-packages/pyirt/solver/model.py[line:104] DEBUG: E step runs for 31.072 sec
2019-11-13 12:25:38 /usr/local/lib/python3.6/site-packages/pyirt/solver/model.py[line:111] DEBUG: M step runs for 128.546 sec
2019-11-13 12:25:38 /usr/local/lib/python3.6/site-packages/pyirt/solver/model.py[line:243] DEBUG: score calculating
2019-11-13 12:25:39 /usr/local/lib/python3.6/site-packages/pyirt/solver/model.py[line:245] DEBUG: score calculated.
2019-11-13 12:25:39 /usr/local/lib/python3.6/site-packages/pyirt/solver/model.py[line:248] DEBUG: 0.6479671408867482
2019-11-13 12:25:39 /usr/local/lib/python3.6/site-packages/pyirt/solver/model.py[line:118] DEBUG: stop condition runs for 220.385 sec
2019-11-13 12:25:43 /usr/local/lib/python3.6/site-packages/pyirt/solver/model.py[line:104] DEBUG: E step runs for 34.775 sec
2019-11-13 12:25:43 /usr/local/lib/python3.6/site-packages/pyirt/solver/model.py[line:111] DEBUG: M step runs for 129.061 sec
2019-11-13 12:25:43 /usr/local/lib/python3.6/site-packages/pyirt/solver/model.py[line:243] DEBUG: score calculating
2019-11-13 12:25:43 /usr/local/lib/python3.6/site-packages/pyirt/solver/model.py[line:245] DEBUG: score calculated.
2019-11-13 12:25:43 /usr/local/lib/python3.6/site-packages/pyirt/solver/model.py[line:248] DEBUG: 0.6513450964087699
2019-11-13 12:25:43 /usr/local/lib/python3.6/site-packages/pyirt/solver/model.py[line:118] DEBUG: stop condition runs for 217.364 sec
2019-11-13 12:25:47 /usr/local/lib/python3.6/site-packages/pyirt/solver/model.py[line:104] DEBUG: E step runs for 16.609 sec
2019-11-13 12:25:47 /usr/local/lib/python3.6/site-packages/pyirt/solver/model.py[line:111] DEBUG: M step runs for 128.631 sec
2019-11-13 12:25:47 /usr/local/lib/python3.6/site-packages/pyirt/solver/model.py[line:243] DEBUG: score calculating
2019-11-13 12:25:47 /usr/local/lib/python3.6/site-packages/pyirt/solver/model.py[line:245] DEBUG: score calculated.
2019-11-13 12:25:47 /usr/local/lib/python3.6/site-packages/pyirt/solver/model.py[line:248] DEBUG: 0.6530123703951841
2019-11-13 12:25:47 /usr/local/lib/python3.6/site-packages/pyirt/solver/model.py[line:118] DEBUG: stop condition runs for 221.411 sec
2019-11-13 12:25:52 /usr/local/lib/python3.6/site-packages/pyirt/solver/model.py[line:104] DEBUG: E step runs for 130.09 sec
2019-11-13 12:25:52 /usr/local/lib/python3.6/site-packages/pyirt/solver/model.py[line:111] DEBUG: M step runs for 128.618 sec
2019-11-13 12:25:52 /usr/local/lib/python3.6/site-packages/pyirt/solver/model.py[line:243] DEBUG: score calculating
2019-11-13 12:25:52 /usr/local/lib/python3.6/site-packages/pyirt/solver/model.py[line:245] DEBUG: score calculated.
2019-11-13 12:25:52 /usr/local/lib/python3.6/site-packages/pyirt/solver/model.py[line:248] DEBUG: 0.6537597316693337
2019-11-13 12:25:52 /usr/local/lib/python3.6/site-packages/pyirt/solver/model.py[line:253] INFO: EM converged at iteration 4.
2019-11-13 12:25:52 /usr/local/lib/python3.6/site-packages/pyirt/solver/model.py[line:118] DEBUG: stop condition runs for 227.735 sec
2019-11-13 12:25:52 /usr/local/lib/python3.6/site-packages/pyirt/_pyirt.py[line:47] INFO: parameter estimated
2019-11-13 12:25:52 /usr/local/lib/python3.6/site-packages/pyirt/_pyirt.py[line:50] INFO: parameter retrieved
2019-11-13 12:33:04 /usr/local/lib/python3.6/site-packages/pyirt/_pyirt.py[line:20] INFO: start loading data
2019-11-13 12:33:05 /usr/local/lib/python3.6/site-packages/pyirt/_pyirt.py[line:27] INFO: data loaded
2019-11-13 12:33:08 /usr/local/lib/python3.6/site-packages/pyirt/solver/model.py[line:104] DEBUG: E step runs for 439.82 sec
2019-11-13 12:33:08 /usr/local/lib/python3.6/site-packages/pyirt/solver/model.py[line:111] DEBUG: M step runs for 123.114 sec
2019-11-13 12:33:08 /usr/local/lib/python3.6/site-packages/pyirt/solver/model.py[line:243] DEBUG: score calculating
2019-11-13 12:33:08 /usr/local/lib/python3.6/site-packages/pyirt/solver/model.py[line:245] DEBUG: score calculated.
2019-11-13 12:33:08 /usr/local/lib/python3.6/site-packages/pyirt/solver/model.py[line:248] DEBUG: 0.7280615883278222
2019-11-13 12:33:08 /usr/local/lib/python3.6/site-packages/pyirt/solver/model.py[line:118] DEBUG: stop condition runs for 124.162 sec
2019-11-13 12:33:12 /usr/local/lib/python3.6/site-packages/pyirt/solver/model.py[line:104] DEBUG: E step runs for 327.451 sec
2019-11-13 12:33:12 /usr/local/lib/python3.6/site-packages/pyirt/solver/model.py[line:111] DEBUG: M step runs for 127.162 sec
2019-11-13 12:33:12 /usr/local/lib/python3.6/site-packages/pyirt/solver/model.py[line:243] DEBUG: score calculating
2019-11-13 12:33:12 /usr/local/lib/python3.6/site-packages/pyirt/solver/model.py[line:245] DEBUG: score calculated.
2019-11-13 12:33:12 /usr/local/lib/python3.6/site-packages/pyirt/solver/model.py[line:248] DEBUG: 0.7536475281583465
2019-11-13 12:33:12 /usr/local/lib/python3.6/site-packages/pyirt/solver/model.py[line:118] DEBUG: stop condition runs for 123.983 sec
2019-11-13 12:33:15 /usr/local/lib/python3.6/site-packages/pyirt/solver/model.py[line:104] DEBUG: E step runs for 429.476 sec
2019-11-13 12:33:15 /usr/local/lib/python3.6/site-packages/pyirt/solver/model.py[line:111] DEBUG: M step runs for 125.027 sec
2019-11-13 12:33:15 /usr/local/lib/python3.6/site-packages/pyirt/solver/model.py[line:243] DEBUG: score calculating
2019-11-13 12:33:16 /usr/local/lib/python3.6/site-packages/pyirt/solver/model.py[line:245] DEBUG: score calculated.
2019-11-13 12:33:16 /usr/local/lib/python3.6/site-packages/pyirt/solver/model.py[line:248] DEBUG: 0.7648769778828249
2019-11-13 12:33:16 /usr/local/lib/python3.6/site-packages/pyirt/solver/model.py[line:118] DEBUG: stop condition runs for 123.677 sec
2019-11-13 12:33:19 /usr/local/lib/python3.6/site-packages/pyirt/solver/model.py[line:104] DEBUG: E step runs for 528.651 sec
2019-11-13 12:33:19 /usr/local/lib/python3.6/site-packages/pyirt/solver/model.py[line:111] DEBUG: M step runs for 133.1 sec
2019-11-13 12:33:19 /usr/local/lib/python3.6/site-packages/pyirt/solver/model.py[line:243] DEBUG: score calculating
2019-11-13 12:33:19 /usr/local/lib/python3.6/site-packages/pyirt/solver/model.py[line:245] DEBUG: score calculated.
2019-11-13 12:33:19 /usr/local/lib/python3.6/site-packages/pyirt/solver/model.py[line:248] DEBUG: 0.768079883964942
2019-11-13 12:33:19 /usr/local/lib/python3.6/site-packages/pyirt/solver/model.py[line:118] DEBUG: stop condition runs for 125.771 sec
2019-11-13 12:33:23 /usr/local/lib/python3.6/site-packages/pyirt/solver/model.py[line:104] DEBUG: E step runs for 443.747 sec
2019-11-13 12:33:23 /usr/local/lib/python3.6/site-packages/pyirt/solver/model.py[line:111] DEBUG: M step runs for 123.7 sec
2019-11-13 12:33:23 /usr/local/lib/python3.6/site-packages/pyirt/solver/model.py[line:243] DEBUG: score calculating
2019-11-13 12:33:23 /usr/local/lib/python3.6/site-packages/pyirt/solver/model.py[line:245] DEBUG: score calculated.
2019-11-13 12:33:23 /usr/local/lib/python3.6/site-packages/pyirt/solver/model.py[line:248] DEBUG: 0.7689959214662394
2019-11-13 12:33:23 /usr/local/lib/python3.6/site-packages/pyirt/solver/model.py[line:253] INFO: EM converged at iteration 5.
2019-11-13 12:33:23 /usr/local/lib/python3.6/site-packages/pyirt/solver/model.py[line:118] DEBUG: stop condition runs for 123.426 sec
2019-11-13 12:33:23 /usr/local/lib/python3.6/site-packages/pyirt/_pyirt.py[line:47] INFO: parameter estimated
2019-11-13 12:33:23 /usr/local/lib/python3.6/site-packages/pyirt/_pyirt.py[line:50] INFO: parameter retrieved
2019-11-13 12:46:24 /usr/local/lib/python3.6/site-packages/pyirt/_pyirt.py[line:20] INFO: start loading data
2019-11-13 12:46:25 /usr/local/lib/python3.6/site-packages/pyirt/_pyirt.py[line:27] INFO: data loaded
2019-11-13 12:46:29 /usr/local/lib/python3.6/site-packages/pyirt/solver/model.py[line:104] DEBUG: E step runs for 12.52 sec
2019-11-13 12:46:29 /usr/local/lib/python3.6/site-packages/pyirt/solver/model.py[line:111] DEBUG: M step runs for 130.918 sec
2019-11-13 12:46:29 /usr/local/lib/python3.6/site-packages/pyirt/solver/model.py[line:243] DEBUG: score calculating
2019-11-13 12:46:29 /usr/local/lib/python3.6/site-packages/pyirt/solver/model.py[line:245] DEBUG: score calculated.
2019-11-13 12:46:29 /usr/local/lib/python3.6/site-packages/pyirt/solver/model.py[line:248] DEBUG: 0.7007141137515498
2019-11-13 12:46:29 /usr/local/lib/python3.6/site-packages/pyirt/solver/model.py[line:118] DEBUG: stop condition runs for 243.375 sec
2019-11-13 12:46:33 /usr/local/lib/python3.6/site-packages/pyirt/solver/model.py[line:104] DEBUG: E step runs for 15.711 sec
2019-11-13 12:46:33 /usr/local/lib/python3.6/site-packages/pyirt/solver/model.py[line:111] DEBUG: M step runs for 132.648 sec
2019-11-13 12:46:33 /usr/local/lib/python3.6/site-packages/pyirt/solver/model.py[line:243] DEBUG: score calculating
2019-11-13 12:46:33 /usr/local/lib/python3.6/site-packages/pyirt/solver/model.py[line:245] DEBUG: score calculated.
2019-11-13 12:46:33 /usr/local/lib/python3.6/site-packages/pyirt/solver/model.py[line:248] DEBUG: 0.7035360331416979
2019-11-13 12:46:33 /usr/local/lib/python3.6/site-packages/pyirt/solver/model.py[line:118] DEBUG: stop condition runs for 243.886 sec
2019-11-13 12:46:37 /usr/local/lib/python3.6/site-packages/pyirt/solver/model.py[line:104] DEBUG: E step runs for 977.401 sec
2019-11-13 12:46:37 /usr/local/lib/python3.6/site-packages/pyirt/solver/model.py[line:111] DEBUG: M step runs for 125.917 sec
2019-11-13 12:46:37 /usr/local/lib/python3.6/site-packages/pyirt/solver/model.py[line:243] DEBUG: score calculating
2019-11-13 12:46:38 /usr/local/lib/python3.6/site-packages/pyirt/solver/model.py[line:245] DEBUG: score calculated.
2019-11-13 12:46:38 /usr/local/lib/python3.6/site-packages/pyirt/solver/model.py[line:248] DEBUG: 0.7042623937931899
2019-11-13 12:46:38 /usr/local/lib/python3.6/site-packages/pyirt/solver/model.py[line:253] INFO: EM converged at iteration 3.
2019-11-13 12:46:38 /usr/local/lib/python3.6/site-packages/pyirt/solver/model.py[line:118] DEBUG: stop condition runs for 236.227 sec
2019-11-13 12:46:38 /usr/local/lib/python3.6/site-packages/pyirt/_pyirt.py[line:47] INFO: parameter estimated
2019-11-13 12:46:38 /usr/local/lib/python3.6/site-packages/pyirt/_pyirt.py[line:50] INFO: parameter retrieved
2019-11-13 13:00:17 /usr/local/lib/python3.6/site-packages/pyirt/_pyirt.py[line:20] INFO: start loading data
2019-11-13 13:00:17 /usr/local/lib/python3.6/site-packages/pyirt/_pyirt.py[line:27] INFO: data loaded
2019-11-13 13:00:21 /usr/local/lib/python3.6/site-packages/pyirt/solver/model.py[line:104] DEBUG: E step runs for 952.522 sec
2019-11-13 13:00:21 /usr/local/lib/python3.6/site-packages/pyirt/solver/model.py[line:111] DEBUG: M step runs for 129.785 sec
2019-11-13 13:00:21 /usr/local/lib/python3.6/site-packages/pyirt/solver/model.py[line:243] DEBUG: score calculating
2019-11-13 13:00:22 /usr/local/lib/python3.6/site-packages/pyirt/solver/model.py[line:245] DEBUG: score calculated.
2019-11-13 13:00:22 /usr/local/lib/python3.6/site-packages/pyirt/solver/model.py[line:248] DEBUG: 0.6708700798647068
2019-11-13 13:00:22 /usr/local/lib/python3.6/site-packages/pyirt/solver/model.py[line:118] DEBUG: stop condition runs for 227.692 sec
2019-11-13 13:00:26 /usr/local/lib/python3.6/site-packages/pyirt/solver/model.py[line:104] DEBUG: E step runs for 127.378 sec
2019-11-13 13:00:26 /usr/local/lib/python3.6/site-packages/pyirt/solver/model.py[line:111] DEBUG: M step runs for 133.067 sec
2019-11-13 13:00:26 /usr/local/lib/python3.6/site-packages/pyirt/solver/model.py[line:243] DEBUG: score calculating
2019-11-13 13:00:26 /usr/local/lib/python3.6/site-packages/pyirt/solver/model.py[line:245] DEBUG: score calculated.
2019-11-13 13:00:26 /usr/local/lib/python3.6/site-packages/pyirt/solver/model.py[line:248] DEBUG: 0.6756300334976062
2019-11-13 13:00:26 /usr/local/lib/python3.6/site-packages/pyirt/solver/model.py[line:118] DEBUG: stop condition runs for 225.873 sec
2019-11-13 13:00:30 /usr/local/lib/python3.6/site-packages/pyirt/solver/model.py[line:104] DEBUG: E step runs for 109.973 sec
2019-11-13 13:00:30 /usr/local/lib/python3.6/site-packages/pyirt/solver/model.py[line:111] DEBUG: M step runs for 129.445 sec
2019-11-13 13:00:30 /usr/local/lib/python3.6/site-packages/pyirt/solver/model.py[line:243] DEBUG: score calculating
2019-11-13 13:00:31 /usr/local/lib/python3.6/site-packages/pyirt/solver/model.py[line:245] DEBUG: score calculated.
2019-11-13 13:00:31 /usr/local/lib/python3.6/site-packages/pyirt/solver/model.py[line:248] DEBUG: 0.6770137916049942
2019-11-13 13:00:31 /usr/local/lib/python3.6/site-packages/pyirt/solver/model.py[line:118] DEBUG: stop condition runs for 227.19 sec
2019-11-13 13:00:35 /usr/local/lib/python3.6/site-packages/pyirt/solver/model.py[line:104] DEBUG: E step runs for 130.34 sec
2019-11-13 13:00:35 /usr/local/lib/python3.6/site-packages/pyirt/solver/model.py[line:111] DEBUG: M step runs for 130.71 sec
2019-11-13 13:00:35 /usr/local/lib/python3.6/site-packages/pyirt/solver/model.py[line:243] DEBUG: score calculating
2019-11-13 13:00:35 /usr/local/lib/python3.6/site-packages/pyirt/solver/model.py[line:245] DEBUG: score calculated.
2019-11-13 13:00:35 /usr/local/lib/python3.6/site-packages/pyirt/solver/model.py[line:248] DEBUG: 0.6774730078350513
2019-11-13 13:00:35 /usr/local/lib/python3.6/site-packages/pyirt/solver/model.py[line:253] INFO: EM converged at iteration 4.
2019-11-13 13:00:35 /usr/local/lib/python3.6/site-packages/pyirt/solver/model.py[line:118] DEBUG: stop condition runs for 233.927 sec
2019-11-13 13:00:35 /usr/local/lib/python3.6/site-packages/pyirt/_pyirt.py[line:47] INFO: parameter estimated
2019-11-13 13:00:35 /usr/local/lib/python3.6/site-packages/pyirt/_pyirt.py[line:50] INFO: parameter retrieved
2019-11-13 13:09:12 /usr/local/lib/python3.6/site-packages/pyirt/_pyirt.py[line:20] INFO: start loading data
2019-11-13 13:09:12 /usr/local/lib/python3.6/site-packages/pyirt/_pyirt.py[line:27] INFO: data loaded
2019-11-13 13:09:15 /usr/local/lib/python3.6/site-packages/pyirt/solver/model.py[line:104] DEBUG: E step runs for 551.9 sec
2019-11-13 13:09:15 /usr/local/lib/python3.6/site-packages/pyirt/solver/model.py[line:111] DEBUG: M step runs for 125.288 sec
2019-11-13 13:09:16 /usr/local/lib/python3.6/site-packages/pyirt/solver/model.py[line:243] DEBUG: score calculating
2019-11-13 13:09:16 /usr/local/lib/python3.6/site-packages/pyirt/solver/model.py[line:245] DEBUG: score calculated.
2019-11-13 13:09:16 /usr/local/lib/python3.6/site-packages/pyirt/solver/model.py[line:248] DEBUG: 0.666178719416361
2019-11-13 13:09:16 /usr/local/lib/python3.6/site-packages/pyirt/solver/model.py[line:118] DEBUG: stop condition runs for 131.457 sec
2019-11-13 13:09:19 /usr/local/lib/python3.6/site-packages/pyirt/solver/model.py[line:104] DEBUG: E step runs for 577.391 sec
2019-11-13 13:09:19 /usr/local/lib/python3.6/site-packages/pyirt/solver/model.py[line:111] DEBUG: M step runs for 128.314 sec
2019-11-13 13:09:19 /usr/local/lib/python3.6/site-packages/pyirt/solver/model.py[line:243] DEBUG: score calculating
2019-11-13 13:09:20 /usr/local/lib/python3.6/site-packages/pyirt/solver/model.py[line:245] DEBUG: score calculated.
2019-11-13 13:09:20 /usr/local/lib/python3.6/site-packages/pyirt/solver/model.py[line:248] DEBUG: 0.6638493846664131
2019-11-13 13:09:20 /usr/local/lib/python3.6/site-packages/pyirt/solver/model.py[line:257] INFO: Likelihood descrease, stops at iteration 2.
2019-11-13 13:09:20 /usr/local/lib/python3.6/site-packages/pyirt/solver/model.py[line:118] DEBUG: stop condition runs for 156.221 sec
2019-11-13 13:09:20 /usr/local/lib/python3.6/site-packages/pyirt/_pyirt.py[line:47] INFO: parameter estimated
2019-11-13 13:09:20 /usr/local/lib/python3.6/site-packages/pyirt/_pyirt.py[line:50] INFO: parameter retrieved
2019-11-13 13:16:31 /usr/local/lib/python3.6/site-packages/pyirt/_pyirt.py[line:20] INFO: start loading data
2019-11-13 13:16:31 /usr/local/lib/python3.6/site-packages/pyirt/_pyirt.py[line:27] INFO: data loaded
2019-11-13 13:16:35 /usr/local/lib/python3.6/site-packages/pyirt/solver/model.py[line:104] DEBUG: E step runs for 603.402 sec
2019-11-13 13:16:35 /usr/local/lib/python3.6/site-packages/pyirt/solver/model.py[line:111] DEBUG: M step runs for 131.667 sec
2019-11-13 13:16:35 /usr/local/lib/python3.6/site-packages/pyirt/solver/model.py[line:243] DEBUG: score calculating
2019-11-13 13:16:35 /usr/local/lib/python3.6/site-packages/pyirt/solver/model.py[line:245] DEBUG: score calculated.
2019-11-13 13:16:35 /usr/local/lib/python3.6/site-packages/pyirt/solver/model.py[line:248] DEBUG: 0.683178897888399
2019-11-13 13:16:35 /usr/local/lib/python3.6/site-packages/pyirt/solver/model.py[line:118] DEBUG: stop condition runs for 142.838 sec
2019-11-13 13:16:39 /usr/local/lib/python3.6/site-packages/pyirt/solver/model.py[line:104] DEBUG: E step runs for 573.376 sec
2019-11-13 13:16:39 /usr/local/lib/python3.6/site-packages/pyirt/solver/model.py[line:111] DEBUG: M step runs for 124.92 sec
2019-11-13 13:16:39 /usr/local/lib/python3.6/site-packages/pyirt/solver/model.py[line:243] DEBUG: score calculating
2019-11-13 13:16:39 /usr/local/lib/python3.6/site-packages/pyirt/solver/model.py[line:245] DEBUG: score calculated.
2019-11-13 13:16:39 /usr/local/lib/python3.6/site-packages/pyirt/solver/model.py[line:248] DEBUG: 0.686224642373421
2019-11-13 13:16:39 /usr/local/lib/python3.6/site-packages/pyirt/solver/model.py[line:118] DEBUG: stop condition runs for 129.097 sec
2019-11-13 13:16:43 /usr/local/lib/python3.6/site-packages/pyirt/solver/model.py[line:104] DEBUG: E step runs for 554.477 sec
2019-11-13 13:16:43 /usr/local/lib/python3.6/site-packages/pyirt/solver/model.py[line:111] DEBUG: M step runs for 124.811 sec
2019-11-13 13:16:43 /usr/local/lib/python3.6/site-packages/pyirt/solver/model.py[line:243] DEBUG: score calculating
2019-11-13 13:16:43 /usr/local/lib/python3.6/site-packages/pyirt/solver/model.py[line:245] DEBUG: score calculated.
2019-11-13 13:16:43 /usr/local/lib/python3.6/site-packages/pyirt/solver/model.py[line:248] DEBUG: 0.6879069537468059
2019-11-13 13:16:43 /usr/local/lib/python3.6/site-packages/pyirt/solver/model.py[line:118] DEBUG: stop condition runs for 134.445 sec
2019-11-13 13:16:46 /usr/local/lib/python3.6/site-packages/pyirt/solver/model.py[line:104] DEBUG: E step runs for 588.94 sec
2019-11-13 13:16:47 /usr/local/lib/python3.6/site-packages/pyirt/solver/model.py[line:111] DEBUG: M step runs for 125.658 sec
2019-11-13 13:16:47 /usr/local/lib/python3.6/site-packages/pyirt/solver/model.py[line:243] DEBUG: score calculating
2019-11-13 13:16:47 /usr/local/lib/python3.6/site-packages/pyirt/solver/model.py[line:245] DEBUG: score calculated.
2019-11-13 13:16:47 /usr/local/lib/python3.6/site-packages/pyirt/solver/model.py[line:248] DEBUG: 0.6889015837970223
2019-11-13 13:16:47 /usr/local/lib/python3.6/site-packages/pyirt/solver/model.py[line:253] INFO: EM converged at iteration 4.
2019-11-13 13:16:47 /usr/local/lib/python3.6/site-packages/pyirt/solver/model.py[line:118] DEBUG: stop condition runs for 135.658 sec
2019-11-13 13:16:47 /usr/local/lib/python3.6/site-packages/pyirt/_pyirt.py[line:47] INFO: parameter estimated
2019-11-13 13:16:47 /usr/local/lib/python3.6/site-packages/pyirt/_pyirt.py[line:50] INFO: parameter retrieved
2019-11-13 13:24:56 /usr/local/lib/python3.6/site-packages/pyirt/_pyirt.py[line:20] INFO: start loading data
2019-11-13 13:24:56 /usr/local/lib/python3.6/site-packages/pyirt/_pyirt.py[line:27] INFO: data loaded
2019-11-13 13:25:00 /usr/local/lib/python3.6/site-packages/pyirt/solver/model.py[line:104] DEBUG: E step runs for 600.388 sec
2019-11-13 13:25:00 /usr/local/lib/python3.6/site-packages/pyirt/solver/model.py[line:111] DEBUG: M step runs for 126.028 sec
2019-11-13 13:25:00 /usr/local/lib/python3.6/site-packages/pyirt/solver/model.py[line:243] DEBUG: score calculating
2019-11-13 13:25:00 /usr/local/lib/python3.6/site-packages/pyirt/solver/model.py[line:245] DEBUG: score calculated.
2019-11-13 13:25:00 /usr/local/lib/python3.6/site-packages/pyirt/solver/model.py[line:248] DEBUG: 0.6173922412547597
2019-11-13 13:25:00 /usr/local/lib/python3.6/site-packages/pyirt/solver/model.py[line:118] DEBUG: stop condition runs for 132.311 sec
2019-11-13 13:25:04 /usr/local/lib/python3.6/site-packages/pyirt/solver/model.py[line:104] DEBUG: E step runs for 595.999 sec
2019-11-13 13:25:04 /usr/local/lib/python3.6/site-packages/pyirt/solver/model.py[line:111] DEBUG: M step runs for 132.635 sec
2019-11-13 13:25:04 /usr/local/lib/python3.6/site-packages/pyirt/solver/model.py[line:243] DEBUG: score calculating
2019-11-13 13:25:04 /usr/local/lib/python3.6/site-packages/pyirt/solver/model.py[line:245] DEBUG: score calculated.
2019-11-13 13:25:04 /usr/local/lib/python3.6/site-packages/pyirt/solver/model.py[line:248] DEBUG: 0.6171812841165973
2019-11-13 13:25:04 /usr/local/lib/python3.6/site-packages/pyirt/solver/model.py[line:257] INFO: Likelihood descrease, stops at iteration 2.
2019-11-13 13:25:04 /usr/local/lib/python3.6/site-packages/pyirt/solver/model.py[line:118] DEBUG: stop condition runs for 138.784 sec
2019-11-13 13:25:04 /usr/local/lib/python3.6/site-packages/pyirt/_pyirt.py[line:47] INFO: parameter estimated
2019-11-13 13:25:04 /usr/local/lib/python3.6/site-packages/pyirt/_pyirt.py[line:50] INFO: parameter retrieved
2019-11-13 13:34:15 /usr/local/lib/python3.6/site-packages/pyirt/_pyirt.py[line:20] INFO: start loading data
2019-11-13 13:34:15 /usr/local/lib/python3.6/site-packages/pyirt/_pyirt.py[line:27] INFO: data loaded
2019-11-13 13:34:18 /usr/local/lib/python3.6/site-packages/pyirt/solver/model.py[line:104] DEBUG: E step runs for 521.887 sec
2019-11-13 13:34:19 /usr/local/lib/python3.6/site-packages/pyirt/solver/model.py[line:111] DEBUG: M step runs for 127.039 sec
2019-11-13 13:34:19 /usr/local/lib/python3.6/site-packages/pyirt/solver/model.py[line:243] DEBUG: score calculating
2019-11-13 13:34:19 /usr/local/lib/python3.6/site-packages/pyirt/solver/model.py[line:245] DEBUG: score calculated.
2019-11-13 13:34:19 /usr/local/lib/python3.6/site-packages/pyirt/solver/model.py[line:248] DEBUG: 0.6189793919423711
2019-11-13 13:34:19 /usr/local/lib/python3.6/site-packages/pyirt/solver/model.py[line:118] DEBUG: stop condition runs for 133.555 sec
2019-11-13 13:34:22 /usr/local/lib/python3.6/site-packages/pyirt/solver/model.py[line:104] DEBUG: E step runs for 540.926 sec
2019-11-13 13:34:22 /usr/local/lib/python3.6/site-packages/pyirt/solver/model.py[line:111] DEBUG: M step runs for 127.273 sec
2019-11-13 13:34:22 /usr/local/lib/python3.6/site-packages/pyirt/solver/model.py[line:243] DEBUG: score calculating
2019-11-13 13:34:23 /usr/local/lib/python3.6/site-packages/pyirt/solver/model.py[line:245] DEBUG: score calculated.
2019-11-13 13:34:23 /usr/local/lib/python3.6/site-packages/pyirt/solver/model.py[line:248] DEBUG: 0.6227038632850505
2019-11-13 13:34:23 /usr/local/lib/python3.6/site-packages/pyirt/solver/model.py[line:118] DEBUG: stop condition runs for 136.198 sec
2019-11-13 13:34:26 /usr/local/lib/python3.6/site-packages/pyirt/solver/model.py[line:104] DEBUG: E step runs for 425.087 sec
2019-11-13 13:34:26 /usr/local/lib/python3.6/site-packages/pyirt/solver/model.py[line:111] DEBUG: M step runs for 129.785 sec
2019-11-13 13:34:26 /usr/local/lib/python3.6/site-packages/pyirt/solver/model.py[line:243] DEBUG: score calculating
2019-11-13 13:34:26 /usr/local/lib/python3.6/site-packages/pyirt/solver/model.py[line:245] DEBUG: score calculated.
2019-11-13 13:34:26 /usr/local/lib/python3.6/site-packages/pyirt/solver/model.py[line:248] DEBUG: 0.6245961667325781
2019-11-13 13:34:26 /usr/local/lib/python3.6/site-packages/pyirt/solver/model.py[line:118] DEBUG: stop condition runs for 134.721 sec
2019-11-13 13:34:29 /usr/local/lib/python3.6/site-packages/pyirt/solver/model.py[line:104] DEBUG: E step runs for 175.98 sec
2019-11-13 13:34:30 /usr/local/lib/python3.6/site-packages/pyirt/solver/model.py[line:111] DEBUG: M step runs for 125.544 sec
2019-11-13 13:34:30 /usr/local/lib/python3.6/site-packages/pyirt/solver/model.py[line:243] DEBUG: score calculating
2019-11-13 13:34:30 /usr/local/lib/python3.6/site-packages/pyirt/solver/model.py[line:245] DEBUG: score calculated.
2019-11-13 13:34:30 /usr/local/lib/python3.6/site-packages/pyirt/solver/model.py[line:248] DEBUG: 0.6258584527764514
2019-11-13 13:34:30 /usr/local/lib/python3.6/site-packages/pyirt/solver/model.py[line:118] DEBUG: stop condition runs for 135.065 sec
2019-11-13 13:34:33 /usr/local/lib/python3.6/site-packages/pyirt/solver/model.py[line:104] DEBUG: E step runs for 474.535 sec
2019-11-13 13:34:33 /usr/local/lib/python3.6/site-packages/pyirt/solver/model.py[line:111] DEBUG: M step runs for 123.913 sec
2019-11-13 13:34:33 /usr/local/lib/python3.6/site-packages/pyirt/solver/model.py[line:243] DEBUG: score calculating
2019-11-13 13:34:33 /usr/local/lib/python3.6/site-packages/pyirt/solver/model.py[line:245] DEBUG: score calculated.
2019-11-13 13:34:33 /usr/local/lib/python3.6/site-packages/pyirt/solver/model.py[line:248] DEBUG: 0.6267019090958152
2019-11-13 13:34:33 /usr/local/lib/python3.6/site-packages/pyirt/solver/model.py[line:253] INFO: EM converged at iteration 5.
2019-11-13 13:34:33 /usr/local/lib/python3.6/site-packages/pyirt/solver/model.py[line:118] DEBUG: stop condition runs for 145.485 sec
2019-11-13 13:34:33 /usr/local/lib/python3.6/site-packages/pyirt/_pyirt.py[line:47] INFO: parameter estimated
2019-11-13 13:34:33 /usr/local/lib/python3.6/site-packages/pyirt/_pyirt.py[line:50] INFO: parameter retrieved
2019-11-13 13:42:31 /usr/local/lib/python3.6/site-packages/pyirt/_pyirt.py[line:20] INFO: start loading data
2019-11-13 13:42:32 /usr/local/lib/python3.6/site-packages/pyirt/_pyirt.py[line:27] INFO: data loaded
2019-11-13 13:42:35 /usr/local/lib/python3.6/site-packages/pyirt/solver/model.py[line:104] DEBUG: E step runs for 390.392 sec
2019-11-13 13:42:35 /usr/local/lib/python3.6/site-packages/pyirt/solver/model.py[line:111] DEBUG: M step runs for 126.505 sec
2019-11-13 13:42:35 /usr/local/lib/python3.6/site-packages/pyirt/solver/model.py[line:243] DEBUG: score calculating
2019-11-13 13:42:35 /usr/local/lib/python3.6/site-packages/pyirt/solver/model.py[line:245] DEBUG: score calculated.
2019-11-13 13:42:35 /usr/local/lib/python3.6/site-packages/pyirt/solver/model.py[line:248] DEBUG: 0.6671501612280849
2019-11-13 13:42:35 /usr/local/lib/python3.6/site-packages/pyirt/solver/model.py[line:118] DEBUG: stop condition runs for 133.699 sec
2019-11-13 13:42:39 /usr/local/lib/python3.6/site-packages/pyirt/solver/model.py[line:104] DEBUG: E step runs for 409.298 sec
2019-11-13 13:42:39 /usr/local/lib/python3.6/site-packages/pyirt/solver/model.py[line:111] DEBUG: M step runs for 127.772 sec
2019-11-13 13:42:39 /usr/local/lib/python3.6/site-packages/pyirt/solver/model.py[line:243] DEBUG: score calculating
2019-11-13 13:42:39 /usr/local/lib/python3.6/site-packages/pyirt/solver/model.py[line:245] DEBUG: score calculated.
2019-11-13 13:42:39 /usr/local/lib/python3.6/site-packages/pyirt/solver/model.py[line:248] DEBUG: 0.6677316778372705
2019-11-13 13:42:39 /usr/local/lib/python3.6/site-packages/pyirt/solver/model.py[line:253] INFO: EM converged at iteration 2.
2019-11-13 13:42:39 /usr/local/lib/python3.6/site-packages/pyirt/solver/model.py[line:118] DEBUG: stop condition runs for 138.946 sec
2019-11-13 13:42:39 /usr/local/lib/python3.6/site-packages/pyirt/_pyirt.py[line:47] INFO: parameter estimated
2019-11-13 13:42:39 /usr/local/lib/python3.6/site-packages/pyirt/_pyirt.py[line:50] INFO: parameter retrieved
2019-11-13 13:48:39 /usr/local/lib/python3.6/site-packages/pyirt/_pyirt.py[line:20] INFO: start loading data
2019-11-13 13:48:39 /usr/local/lib/python3.6/site-packages/pyirt/_pyirt.py[line:27] INFO: data loaded
2019-11-13 13:48:41 /usr/local/lib/python3.6/site-packages/pyirt/solver/model.py[line:104] DEBUG: E step runs for 685.96 sec
2019-11-13 13:48:42 /usr/local/lib/python3.6/site-packages/pyirt/solver/model.py[line:111] DEBUG: M step runs for 127.661 sec
2019-11-13 13:48:42 /usr/local/lib/python3.6/site-packages/pyirt/solver/model.py[line:243] DEBUG: score calculating
2019-11-13 13:48:42 /usr/local/lib/python3.6/site-packages/pyirt/solver/model.py[line:245] DEBUG: score calculated.
2019-11-13 13:48:42 /usr/local/lib/python3.6/site-packages/pyirt/solver/model.py[line:248] DEBUG: 0.6983285911875136
2019-11-13 13:48:42 /usr/local/lib/python3.6/site-packages/pyirt/solver/model.py[line:118] DEBUG: stop condition runs for 136.618 sec
2019-11-13 13:48:44 /usr/local/lib/python3.6/site-packages/pyirt/solver/model.py[line:104] DEBUG: E step runs for 651.465 sec
2019-11-13 13:48:45 /usr/local/lib/python3.6/site-packages/pyirt/solver/model.py[line:111] DEBUG: M step runs for 131.665 sec
2019-11-13 13:48:45 /usr/local/lib/python3.6/site-packages/pyirt/solver/model.py[line:243] DEBUG: score calculating
2019-11-13 13:48:45 /usr/local/lib/python3.6/site-packages/pyirt/solver/model.py[line:245] DEBUG: score calculated.
2019-11-13 13:48:45 /usr/local/lib/python3.6/site-packages/pyirt/solver/model.py[line:248] DEBUG: 0.7139145213646525
2019-11-13 13:48:45 /usr/local/lib/python3.6/site-packages/pyirt/solver/model.py[line:118] DEBUG: stop condition runs for 136.022 sec
2019-11-13 13:48:47 /usr/local/lib/python3.6/site-packages/pyirt/solver/model.py[line:104] DEBUG: E step runs for 693.857 sec
2019-11-13 13:48:48 /usr/local/lib/python3.6/site-packages/pyirt/solver/model.py[line:111] DEBUG: M step runs for 126.654 sec
2019-11-13 13:48:48 /usr/local/lib/python3.6/site-packages/pyirt/solver/model.py[line:243] DEBUG: score calculating
2019-11-13 13:48:48 /usr/local/lib/python3.6/site-packages/pyirt/solver/model.py[line:245] DEBUG: score calculated.
2019-11-13 13:48:48 /usr/local/lib/python3.6/site-packages/pyirt/solver/model.py[line:248] DEBUG: 0.7222840675366977
2019-11-13 13:48:48 /usr/local/lib/python3.6/site-packages/pyirt/solver/model.py[line:118] DEBUG: stop condition runs for 138.124 sec
2019-11-13 13:48:50 /usr/local/lib/python3.6/site-packages/pyirt/solver/model.py[line:104] DEBUG: E step runs for 685.721 sec
2019-11-13 13:48:50 /usr/local/lib/python3.6/site-packages/pyirt/solver/model.py[line:111] DEBUG: M step runs for 126.184 sec
2019-11-13 13:48:50 /usr/local/lib/python3.6/site-packages/pyirt/solver/model.py[line:243] DEBUG: score calculating
2019-11-13 13:48:51 /usr/local/lib/python3.6/site-packages/pyirt/solver/model.py[line:245] DEBUG: score calculated.
2019-11-13 13:48:51 /usr/local/lib/python3.6/site-packages/pyirt/solver/model.py[line:248] DEBUG: 0.7265959092908973
2019-11-13 13:48:51 /usr/local/lib/python3.6/site-packages/pyirt/solver/model.py[line:118] DEBUG: stop condition runs for 136.253 sec
2019-11-13 13:48:53 /usr/local/lib/python3.6/site-packages/pyirt/solver/model.py[line:104] DEBUG: E step runs for 677.809 sec
2019-11-13 13:48:53 /usr/local/lib/python3.6/site-packages/pyirt/solver/model.py[line:111] DEBUG: M step runs for 126.703 sec
2019-11-13 13:48:53 /usr/local/lib/python3.6/site-packages/pyirt/solver/model.py[line:243] DEBUG: score calculating
2019-11-13 13:48:54 /usr/local/lib/python3.6/site-packages/pyirt/solver/model.py[line:245] DEBUG: score calculated.
2019-11-13 13:48:54 /usr/local/lib/python3.6/site-packages/pyirt/solver/model.py[line:248] DEBUG: 0.7288357753637009
2019-11-13 13:48:54 /usr/local/lib/python3.6/site-packages/pyirt/solver/model.py[line:118] DEBUG: stop condition runs for 135.861 sec
2019-11-13 13:48:56 /usr/local/lib/python3.6/site-packages/pyirt/solver/model.py[line:104] DEBUG: E step runs for 681.754 sec
2019-11-13 13:48:56 /usr/local/lib/python3.6/site-packages/pyirt/solver/model.py[line:111] DEBUG: M step runs for 135.127 sec
2019-11-13 13:48:56 /usr/local/lib/python3.6/site-packages/pyirt/solver/model.py[line:243] DEBUG: score calculating
2019-11-13 13:48:57 /usr/local/lib/python3.6/site-packages/pyirt/solver/model.py[line:245] DEBUG: score calculated.
2019-11-13 13:48:57 /usr/local/lib/python3.6/site-packages/pyirt/solver/model.py[line:248] DEBUG: 0.7300282426281309
2019-11-13 13:48:57 /usr/local/lib/python3.6/site-packages/pyirt/solver/model.py[line:118] DEBUG: stop condition runs for 130.961 sec
2019-11-13 13:48:59 /usr/local/lib/python3.6/site-packages/pyirt/solver/model.py[line:104] DEBUG: E step runs for 695.106 sec
2019-11-13 13:48:59 /usr/local/lib/python3.6/site-packages/pyirt/solver/model.py[line:111] DEBUG: M step runs for 125.872 sec
2019-11-13 13:48:59 /usr/local/lib/python3.6/site-packages/pyirt/solver/model.py[line:243] DEBUG: score calculating
2019-11-13 13:49:00 /usr/local/lib/python3.6/site-packages/pyirt/solver/model.py[line:245] DEBUG: score calculated.
2019-11-13 13:49:00 /usr/local/lib/python3.6/site-packages/pyirt/solver/model.py[line:248] DEBUG: 0.7306839390985684
2019-11-13 13:49:00 /usr/local/lib/python3.6/site-packages/pyirt/solver/model.py[line:253] INFO: EM converged at iteration 7.
2019-11-13 13:49:00 /usr/local/lib/python3.6/site-packages/pyirt/solver/model.py[line:118] DEBUG: stop condition runs for 141.061 sec
2019-11-13 13:49:00 /usr/local/lib/python3.6/site-packages/pyirt/_pyirt.py[line:47] INFO: parameter estimated
2019-11-13 13:49:00 /usr/local/lib/python3.6/site-packages/pyirt/_pyirt.py[line:50] INFO: parameter retrieved
2019-11-13 13:58:03 /usr/local/lib/python3.6/site-packages/pyirt/_pyirt.py[line:20] INFO: start loading data
2019-11-13 13:58:03 /usr/local/lib/python3.6/site-packages/pyirt/_pyirt.py[line:27] INFO: data loaded
2019-11-13 13:58:06 /usr/local/lib/python3.6/site-packages/pyirt/solver/model.py[line:104] DEBUG: E step runs for 365.627 sec
2019-11-13 13:58:06 /usr/local/lib/python3.6/site-packages/pyirt/solver/model.py[line:111] DEBUG: M step runs for 161.842 sec
2019-11-13 13:58:06 /usr/local/lib/python3.6/site-packages/pyirt/solver/model.py[line:243] DEBUG: score calculating
2019-11-13 13:58:06 /usr/local/lib/python3.6/site-packages/pyirt/solver/model.py[line:245] DEBUG: score calculated.
2019-11-13 13:58:06 /usr/local/lib/python3.6/site-packages/pyirt/solver/model.py[line:248] DEBUG: 0.6779449456553839
2019-11-13 13:58:06 /usr/local/lib/python3.6/site-packages/pyirt/solver/model.py[line:118] DEBUG: stop condition runs for 138.502 sec
2019-11-13 13:58:10 /usr/local/lib/python3.6/site-packages/pyirt/solver/model.py[line:104] DEBUG: E step runs for 367.208 sec
2019-11-13 13:58:10 /usr/local/lib/python3.6/site-packages/pyirt/solver/model.py[line:111] DEBUG: M step runs for 166.591 sec
2019-11-13 13:58:10 /usr/local/lib/python3.6/site-packages/pyirt/solver/model.py[line:243] DEBUG: score calculating
2019-11-13 13:58:10 /usr/local/lib/python3.6/site-packages/pyirt/solver/model.py[line:245] DEBUG: score calculated.
2019-11-13 13:58:10 /usr/local/lib/python3.6/site-packages/pyirt/solver/model.py[line:248] DEBUG: 0.6757723903653459
2019-11-13 13:58:10 /usr/local/lib/python3.6/site-packages/pyirt/solver/model.py[line:257] INFO: Likelihood descrease, stops at iteration 2.
2019-11-13 13:58:10 /usr/local/lib/python3.6/site-packages/pyirt/solver/model.py[line:118] DEBUG: stop condition runs for 142.483 sec
2019-11-13 13:58:10 /usr/local/lib/python3.6/site-packages/pyirt/_pyirt.py[line:47] INFO: parameter estimated
2019-11-13 13:58:10 /usr/local/lib/python3.6/site-packages/pyirt/_pyirt.py[line:50] INFO: parameter retrieved
2019-11-13 14:05:51 /usr/local/lib/python3.6/site-packages/pyirt/_pyirt.py[line:20] INFO: start loading data
2019-11-13 14:05:51 /usr/local/lib/python3.6/site-packages/pyirt/_pyirt.py[line:27] INFO: data loaded
2019-11-13 14:05:55 /usr/local/lib/python3.6/site-packages/pyirt/solver/model.py[line:104] DEBUG: E step runs for 376.33 sec
2019-11-13 14:05:55 /usr/local/lib/python3.6/site-packages/pyirt/solver/model.py[line:111] DEBUG: M step runs for 131.713 sec
2019-11-13 14:05:55 /usr/local/lib/python3.6/site-packages/pyirt/solver/model.py[line:243] DEBUG: score calculating
2019-11-13 14:05:55 /usr/local/lib/python3.6/site-packages/pyirt/solver/model.py[line:245] DEBUG: score calculated.
2019-11-13 14:05:55 /usr/local/lib/python3.6/site-packages/pyirt/solver/model.py[line:248] DEBUG: 0.6799400616196347
2019-11-13 14:05:55 /usr/local/lib/python3.6/site-packages/pyirt/solver/model.py[line:118] DEBUG: stop condition runs for 162.178 sec
2019-11-13 14:05:59 /usr/local/lib/python3.6/site-packages/pyirt/solver/model.py[line:104] DEBUG: E step runs for 448.769 sec
2019-11-13 14:05:59 /usr/local/lib/python3.6/site-packages/pyirt/solver/model.py[line:111] DEBUG: M step runs for 130.003 sec
2019-11-13 14:05:59 /usr/local/lib/python3.6/site-packages/pyirt/solver/model.py[line:243] DEBUG: score calculating
2019-11-13 14:05:59 /usr/local/lib/python3.6/site-packages/pyirt/solver/model.py[line:245] DEBUG: score calculated.
2019-11-13 14:05:59 /usr/local/lib/python3.6/site-packages/pyirt/solver/model.py[line:248] DEBUG: 0.6799676584456311
2019-11-13 14:05:59 /usr/local/lib/python3.6/site-packages/pyirt/solver/model.py[line:253] INFO: EM converged at iteration 2.
2019-11-13 14:05:59 /usr/local/lib/python3.6/site-packages/pyirt/solver/model.py[line:118] DEBUG: stop condition runs for 142.728 sec
2019-11-13 14:05:59 /usr/local/lib/python3.6/site-packages/pyirt/_pyirt.py[line:47] INFO: parameter estimated
2019-11-13 14:05:59 /usr/local/lib/python3.6/site-packages/pyirt/_pyirt.py[line:50] INFO: parameter retrieved
2019-11-13 14:16:10 /usr/local/lib/python3.6/site-packages/pyirt/_pyirt.py[line:20] INFO: start loading data
2019-11-13 14:16:11 /usr/local/lib/python3.6/site-packages/pyirt/_pyirt.py[line:27] INFO: data loaded
2019-11-13 14:16:16 /usr/local/lib/python3.6/site-packages/pyirt/solver/model.py[line:104] DEBUG: E step runs for 527.209 sec
2019-11-13 14:16:16 /usr/local/lib/python3.6/site-packages/pyirt/solver/model.py[line:111] DEBUG: M step runs for 127.55 sec
2019-11-13 14:16:16 /usr/local/lib/python3.6/site-packages/pyirt/solver/model.py[line:243] DEBUG: score calculating
2019-11-13 14:16:17 /usr/local/lib/python3.6/site-packages/pyirt/solver/model.py[line:245] DEBUG: score calculated.
2019-11-13 14:16:17 /usr/local/lib/python3.6/site-packages/pyirt/solver/model.py[line:248] DEBUG: 0.6044231564604816
2019-11-13 14:16:17 /usr/local/lib/python3.6/site-packages/pyirt/solver/model.py[line:118] DEBUG: stop condition runs for 245.576 sec
2019-11-13 14:16:22 /usr/local/lib/python3.6/site-packages/pyirt/solver/model.py[line:104] DEBUG: E step runs for 526.674 sec
2019-11-13 14:16:22 /usr/local/lib/python3.6/site-packages/pyirt/solver/model.py[line:111] DEBUG: M step runs for 128.084 sec
2019-11-13 14:16:22 /usr/local/lib/python3.6/site-packages/pyirt/solver/model.py[line:243] DEBUG: score calculating
2019-11-13 14:16:22 /usr/local/lib/python3.6/site-packages/pyirt/solver/model.py[line:245] DEBUG: score calculated.
2019-11-13 14:16:22 /usr/local/lib/python3.6/site-packages/pyirt/solver/model.py[line:248] DEBUG: 0.6038845571466479
2019-11-13 14:16:22 /usr/local/lib/python3.6/site-packages/pyirt/solver/model.py[line:257] INFO: Likelihood descrease, stops at iteration 2.
2019-11-13 14:16:22 /usr/local/lib/python3.6/site-packages/pyirt/solver/model.py[line:118] DEBUG: stop condition runs for 245.577 sec
2019-11-13 14:16:22 /usr/local/lib/python3.6/site-packages/pyirt/_pyirt.py[line:47] INFO: parameter estimated
2019-11-13 14:16:23 /usr/local/lib/python3.6/site-packages/pyirt/_pyirt.py[line:50] INFO: parameter retrieved
2019-11-13 14:32:16 /usr/local/lib/python3.6/site-packages/pyirt/_pyirt.py[line:20] INFO: start loading data
2019-11-13 14:32:16 /usr/local/lib/python3.6/site-packages/pyirt/_pyirt.py[line:27] INFO: data loaded
2019-11-13 14:32:22 /usr/local/lib/python3.6/site-packages/pyirt/solver/model.py[line:104] DEBUG: E step runs for 509.443 sec
2019-11-13 14:32:22 /usr/local/lib/python3.6/site-packages/pyirt/solver/model.py[line:111] DEBUG: M step runs for 138.709 sec
2019-11-13 14:32:22 /usr/local/lib/python3.6/site-packages/pyirt/solver/model.py[line:243] DEBUG: score calculating
2019-11-13 14:32:22 /usr/local/lib/python3.6/site-packages/pyirt/solver/model.py[line:245] DEBUG: score calculated.
2019-11-13 14:32:22 /usr/local/lib/python3.6/site-packages/pyirt/solver/model.py[line:248] DEBUG: 0.6652949218446561
2019-11-13 14:32:22 /usr/local/lib/python3.6/site-packages/pyirt/solver/model.py[line:118] DEBUG: stop condition runs for 247.375 sec
2019-11-13 14:32:28 /usr/local/lib/python3.6/site-packages/pyirt/solver/model.py[line:104] DEBUG: E step runs for 537.77 sec
2019-11-13 14:32:28 /usr/local/lib/python3.6/site-packages/pyirt/solver/model.py[line:111] DEBUG: M step runs for 164.253 sec
2019-11-13 14:32:28 /usr/local/lib/python3.6/site-packages/pyirt/solver/model.py[line:243] DEBUG: score calculating
2019-11-13 14:32:28 /usr/local/lib/python3.6/site-packages/pyirt/solver/model.py[line:245] DEBUG: score calculated.
2019-11-13 14:32:28 /usr/local/lib/python3.6/site-packages/pyirt/solver/model.py[line:248] DEBUG: 0.6664029997610831
2019-11-13 14:32:28 /usr/local/lib/python3.6/site-packages/pyirt/solver/model.py[line:118] DEBUG: stop condition runs for 242.386 sec
2019-11-13 14:32:34 /usr/local/lib/python3.6/site-packages/pyirt/solver/model.py[line:104] DEBUG: E step runs for 695.706 sec
2019-11-13 14:32:34 /usr/local/lib/python3.6/site-packages/pyirt/solver/model.py[line:111] DEBUG: M step runs for 140.394 sec
2019-11-13 14:32:34 /usr/local/lib/python3.6/site-packages/pyirt/solver/model.py[line:243] DEBUG: score calculating
2019-11-13 14:32:34 /usr/local/lib/python3.6/site-packages/pyirt/solver/model.py[line:245] DEBUG: score calculated.
2019-11-13 14:32:34 /usr/local/lib/python3.6/site-packages/pyirt/solver/model.py[line:248] DEBUG: 0.6657514907676411
2019-11-13 14:32:34 /usr/local/lib/python3.6/site-packages/pyirt/solver/model.py[line:257] INFO: Likelihood descrease, stops at iteration 3.
2019-11-13 14:32:34 /usr/local/lib/python3.6/site-packages/pyirt/solver/model.py[line:118] DEBUG: stop condition runs for 241.593 sec
2019-11-13 14:32:34 /usr/local/lib/python3.6/site-packages/pyirt/_pyirt.py[line:47] INFO: parameter estimated
2019-11-13 14:32:34 /usr/local/lib/python3.6/site-packages/pyirt/_pyirt.py[line:50] INFO: parameter retrieved
2019-11-13 14:37:16 /usr/local/lib/python3.6/site-packages/pyirt/_pyirt.py[line:20] INFO: start loading data
2019-11-13 14:37:16 /usr/local/lib/python3.6/site-packages/pyirt/_pyirt.py[line:27] INFO: data loaded
2019-11-13 14:37:21 /usr/local/lib/python3.6/site-packages/pyirt/solver/model.py[line:104] DEBUG: E step runs for 104.283 sec
2019-11-13 14:37:21 /usr/local/lib/python3.6/site-packages/pyirt/solver/model.py[line:111] DEBUG: M step runs for 129.781 sec
2019-11-13 14:37:21 /usr/local/lib/python3.6/site-packages/pyirt/solver/model.py[line:243] DEBUG: score calculating
2019-11-13 14:37:22 /usr/local/lib/python3.6/site-packages/pyirt/solver/model.py[line:245] DEBUG: score calculated.
2019-11-13 14:37:22 /usr/local/lib/python3.6/site-packages/pyirt/solver/model.py[line:248] DEBUG: 0.6112585378665956
2019-11-13 14:37:22 /usr/local/lib/python3.6/site-packages/pyirt/solver/model.py[line:118] DEBUG: stop condition runs for 145.404 sec
2019-11-13 14:37:27 /usr/local/lib/python3.6/site-packages/pyirt/solver/model.py[line:104] DEBUG: E step runs for 162.354 sec
2019-11-13 14:37:27 /usr/local/lib/python3.6/site-packages/pyirt/solver/model.py[line:111] DEBUG: M step runs for 129.638 sec
2019-11-13 14:37:27 /usr/local/lib/python3.6/site-packages/pyirt/solver/model.py[line:243] DEBUG: score calculating
2019-11-13 14:37:27 /usr/local/lib/python3.6/site-packages/pyirt/solver/model.py[line:245] DEBUG: score calculated.
2019-11-13 14:37:27 /usr/local/lib/python3.6/site-packages/pyirt/solver/model.py[line:248] DEBUG: 0.6043209954081966
2019-11-13 14:37:27 /usr/local/lib/python3.6/site-packages/pyirt/solver/model.py[line:257] INFO: Likelihood descrease, stops at iteration 2.
2019-11-13 14:37:27 /usr/local/lib/python3.6/site-packages/pyirt/solver/model.py[line:118] DEBUG: stop condition runs for 251.304 sec
2019-11-13 14:37:27 /usr/local/lib/python3.6/site-packages/pyirt/_pyirt.py[line:47] INFO: parameter estimated
2019-11-13 14:37:27 /usr/local/lib/python3.6/site-packages/pyirt/_pyirt.py[line:50] INFO: parameter retrieved
